
     __      __               .__  __  .__________
    /  \    /  \_____  ______ |__|/  |_|__\_____  \
    \   \/\/   /\__  \ \____ \|  \   __\  | _(__  <
     \        /  / __ \|  |_> >  ||  | |  |/       \
      \__/\  /  (____  /   __/|__||__| |__/______  /
           \/        \/|__|                      \/
Wapiti-3.0.4 (wapiti.sourceforge.io)
[!] Connection error with URL http://codify.htb/limitations
[*] Saving scan state, please wait...

 Note
========
This scan has been saved in the file /home/kali/.wapiti/scans/codify.htb_folder_88a13112.db
[*] Wapiti found 3 URLs and forms during the scan
[*] Loading modules:
	 backup, blindsql, brute_login_form, buster, cookieflags, crlf, csp, csrf, exec, file, htaccess, http_headers, methods, nikto, permanentxss, redirect, shellshock, sql, ssrf, wapp, xss, xxe

[*] Launching module csp
1 requests were skipped due to network issues

[*] Launching module http_headers
Checking X-Frame-Options :
X-Frame-Options is not set
Checking X-XSS-Protection :
X-XSS-Protection is not set
Checking X-Content-Type-Options :
X-Content-Type-Options is not set
Checking Strict-Transport-Security :
Strict-Transport-Security is not set

[*] Launching module cookieflags

[*] Launching module exec

[*] Launching module file

[*] Launching module sql

[*] Launching module xss

[*] Launching module ssrf
[*] Asking endpoint URL https://wapiti3.ovh/get_ssrf.php?id=z4ngn4 for results, please wait...

[*] Launching module redirect

[*] Launching module blindsql

[*] Launching module permanentxss
error: None while attacking http://codify.htb/editor

Report
------
A report has been generated in the file /home/kali/.wapiti/generated_report
Open /home/kali/.wapiti/generated_report/codify.htb_04192025_1454.html with a browser to see this report.
